<?xml version="1.0" encoding="UTF-8"?>
<testsuite name="de.c24.finacc.klt.web.service.RatesServiceImplTest" tests="4" skipped="0" failures="0" errors="0" timestamp="2022-09-08T08:30:40" hostname="DESKTOP-A5PFBM0" time="0.032">
  <properties/>
  <testcase name="convertWithMatchesCurrecies_test()" classname="de.c24.finacc.klt.web.service.RatesServiceImplTest" time="0.01"/>
  <testcase name="convertWithParseError_test()" classname="de.c24.finacc.klt.web.service.RatesServiceImplTest" time="0.009"/>
  <testcase name="convert_test()" classname="de.c24.finacc.klt.web.service.RatesServiceImplTest" time="0.003"/>
  <testcase name="convertWithNumberFormatError_test()" classname="de.c24.finacc.klt.web.service.RatesServiceImplTest" time="0.005"/>
  <system-out><![CDATA[2022-09-08 12:30:40.518  INFO 13344 --- [    Test worker] .b.t.c.SpringBootTestContextBootstrapper : Neither @ContextConfiguration nor @ContextHierarchy found for test class [de.c24.finacc.klt.web.service.RatesServiceImplTest], using SpringBootContextLoader
2022-09-08 12:30:40.519  INFO 13344 --- [    Test worker] o.s.t.c.support.AbstractContextLoader    : Could not detect default resource locations for test class [de.c24.finacc.klt.web.service.RatesServiceImplTest]: no resource found for suffixes {-context.xml, Context.groovy}.
2022-09-08 12:30:40.519  INFO 13344 --- [    Test worker] t.c.s.AnnotationConfigContextLoaderUtils : Could not detect default configuration classes for test class [de.c24.finacc.klt.web.service.RatesServiceImplTest]: RatesServiceImplTest does not declare any static, non-private, non-final, nested classes annotated with @Configuration.
2022-09-08 12:30:40.528  INFO 13344 --- [    Test worker] .b.t.c.SpringBootTestContextBootstrapper : Found @SpringBootConfiguration de.c24.finacc.klt.KltApplication for test class de.c24.finacc.klt.web.service.RatesServiceImplTest
2022-09-08 12:30:40.529  INFO 13344 --- [    Test worker] .b.t.c.SpringBootTestContextBootstrapper : Loaded default TestExecutionListener class names from location [META-INF/spring.factories]: [org.springframework.boot.test.autoconfigure.restdocs.RestDocsTestExecutionListener, org.springframework.boot.test.autoconfigure.web.client.MockRestServiceServerResetTestExecutionListener, org.springframework.boot.test.autoconfigure.web.servlet.MockMvcPrintOnlyOnFailureTestExecutionListener, org.springframework.boot.test.autoconfigure.web.servlet.WebDriverTestExecutionListener, org.springframework.boot.test.autoconfigure.webservices.client.MockWebServiceServerTestExecutionListener, org.springframework.boot.test.mock.mockito.MockitoTestExecutionListener, org.springframework.boot.test.mock.mockito.ResetMocksTestExecutionListener, org.springframework.test.context.web.ServletTestExecutionListener, org.springframework.test.context.support.DirtiesContextBeforeModesTestExecutionListener, org.springframework.test.context.event.ApplicationEventsTestExecutionListener, org.springframework.test.context.support.DependencyInjectionTestExecutionListener, org.springframework.test.context.support.DirtiesContextTestExecutionListener, org.springframework.test.context.transaction.TransactionalTestExecutionListener, org.springframework.test.context.jdbc.SqlScriptsTestExecutionListener, org.springframework.test.context.event.EventPublishingTestExecutionListener]
2022-09-08 12:30:40.530  INFO 13344 --- [    Test worker] .b.t.c.SpringBootTestContextBootstrapper : Using TestExecutionListeners: [org.springframework.test.context.web.ServletTestExecutionListener@d17d554, org.springframework.test.context.support.DirtiesContextBeforeModesTestExecutionListener@1f1c7fde, org.springframework.test.context.event.ApplicationEventsTestExecutionListener@2b409174, org.springframework.boot.test.mock.mockito.MockitoTestExecutionListener@11939a9f, org.springframework.boot.test.autoconfigure.SpringBootDependencyInjectionTestExecutionListener@229d508c, org.springframework.test.context.support.DirtiesContextTestExecutionListener@5e83298e, org.springframework.test.context.event.EventPublishingTestExecutionListener@7167d81b, org.springframework.boot.test.autoconfigure.restdocs.RestDocsTestExecutionListener@7cadf3ca, org.springframework.boot.test.autoconfigure.web.client.MockRestServiceServerResetTestExecutionListener@34fcc5e3, org.springframework.boot.test.autoconfigure.web.servlet.MockMvcPrintOnlyOnFailureTestExecutionListener@737445ab, org.springframework.boot.test.autoconfigure.web.servlet.WebDriverTestExecutionListener@3c9cfcde, org.springframework.boot.test.autoconfigure.webservices.client.MockWebServiceServerTestExecutionListener@2f3c7b24, org.springframework.boot.test.mock.mockito.ResetMocksTestExecutionListener@7dbd70fd]
2022-09-08 12:30:40.535  INFO 13344 --- [    Test worker] d.c.f.klt.web.service.RatesServiceImpl   : starting convert
2022-09-08 12:30:40.546  INFO 13344 --- [    Test worker] d.c.f.klt.web.service.RatesServiceImpl   : starting convert
2022-09-08 12:30:40.547 ERROR 13344 --- [    Test worker] d.c.f.klt.web.service.RatesServiceImpl   : problems with rates converting: Character d is neither a decimal digit number, decimal point, nor "e" notation exponential mark.
2022-09-08 12:30:40.556  INFO 13344 --- [    Test worker] d.c.f.klt.web.service.RatesServiceImpl   : starting convert
2022-09-08 12:30:40.562  INFO 13344 --- [    Test worker] d.c.f.klt.web.service.RatesServiceImpl   : starting convert
2022-09-08 12:30:40.563 ERROR 13344 --- [    Test worker] d.c.f.klt.web.service.RatesServiceImpl   : problems with rates converting: Character array contains more than one decimal point.
]]></system-out>
  <system-err><![CDATA[]]></system-err>
</testsuite>
