<?xml version="1.0" encoding="UTF-8"?>
<testsuite name="de.c24.finacc.klt.KltApplicationTests" tests="1" skipped="0" failures="0" errors="0" timestamp="2022-09-08T08:30:38" hostname="DESKTOP-A5PFBM0" time="0.482">
  <properties/>
  <testcase name="contextLoads()" classname="de.c24.finacc.klt.KltApplicationTests" time="0.482"/>
  <system-out><![CDATA[12:30:34.656 [Test worker] DEBUG org.springframework.test.context.BootstrapUtils - Instantiating CacheAwareContextLoaderDelegate from class [org.springframework.test.context.cache.DefaultCacheAwareContextLoaderDelegate]
12:30:34.671 [Test worker] DEBUG org.springframework.test.context.BootstrapUtils - Instantiating BootstrapContext using constructor [public org.springframework.test.context.support.DefaultBootstrapContext(java.lang.Class,org.springframework.test.context.CacheAwareContextLoaderDelegate)]
12:30:34.715 [Test worker] DEBUG org.springframework.test.context.BootstrapUtils - Instantiating TestContextBootstrapper for test class [de.c24.finacc.klt.KltApplicationTests] from class [org.springframework.boot.test.context.SpringBootTestContextBootstrapper]
12:30:34.728 [Test worker] INFO org.springframework.boot.test.context.SpringBootTestContextBootstrapper - Neither @ContextConfiguration nor @ContextHierarchy found for test class [de.c24.finacc.klt.KltApplicationTests], using SpringBootContextLoader
12:30:34.733 [Test worker] DEBUG org.springframework.test.context.support.AbstractContextLoader - Did not detect default resource location for test class [de.c24.finacc.klt.KltApplicationTests]: class path resource [de/c24/finacc/klt/KltApplicationTests-context.xml] does not exist
12:30:34.734 [Test worker] DEBUG org.springframework.test.context.support.AbstractContextLoader - Did not detect default resource location for test class [de.c24.finacc.klt.KltApplicationTests]: class path resource [de/c24/finacc/klt/KltApplicationTestsContext.groovy] does not exist
12:30:34.734 [Test worker] INFO org.springframework.test.context.support.AbstractContextLoader - Could not detect default resource locations for test class [de.c24.finacc.klt.KltApplicationTests]: no resource found for suffixes {-context.xml, Context.groovy}.
12:30:34.735 [Test worker] INFO org.springframework.test.context.support.AnnotationConfigContextLoaderUtils - Could not detect default configuration classes for test class [de.c24.finacc.klt.KltApplicationTests]: KltApplicationTests does not declare any static, non-private, non-final, nested classes annotated with @Configuration.
12:30:34.790 [Test worker] DEBUG org.springframework.test.context.support.ActiveProfilesUtils - Could not find an 'annotation declaring class' for annotation type [org.springframework.test.context.ActiveProfiles] and class [de.c24.finacc.klt.KltApplicationTests]
12:30:34.846 [Test worker] DEBUG org.springframework.context.annotation.ClassPathScanningCandidateComponentProvider - Identified candidate component class: file [E:\andrey-beloborodov\build\classes\java\main\de\c24\finacc\klt\KltApplication.class]
12:30:34.847 [Test worker] INFO org.springframework.boot.test.context.SpringBootTestContextBootstrapper - Found @SpringBootConfiguration de.c24.finacc.klt.KltApplication for test class de.c24.finacc.klt.KltApplicationTests
12:30:34.954 [Test worker] DEBUG org.springframework.boot.test.context.SpringBootTestContextBootstrapper - @TestExecutionListeners is not present for class [de.c24.finacc.klt.KltApplicationTests]: using defaults.
12:30:34.955 [Test worker] INFO org.springframework.boot.test.context.SpringBootTestContextBootstrapper - Loaded default TestExecutionListener class names from location [META-INF/spring.factories]: [org.springframework.boot.test.autoconfigure.restdocs.RestDocsTestExecutionListener, org.springframework.boot.test.autoconfigure.web.client.MockRestServiceServerResetTestExecutionListener, org.springframework.boot.test.autoconfigure.web.servlet.MockMvcPrintOnlyOnFailureTestExecutionListener, org.springframework.boot.test.autoconfigure.web.servlet.WebDriverTestExecutionListener, org.springframework.boot.test.autoconfigure.webservices.client.MockWebServiceServerTestExecutionListener, org.springframework.boot.test.mock.mockito.MockitoTestExecutionListener, org.springframework.boot.test.mock.mockito.ResetMocksTestExecutionListener, org.springframework.test.context.web.ServletTestExecutionListener, org.springframework.test.context.support.DirtiesContextBeforeModesTestExecutionListener, org.springframework.test.context.event.ApplicationEventsTestExecutionListener, org.springframework.test.context.support.DependencyInjectionTestExecutionListener, org.springframework.test.context.support.DirtiesContextTestExecutionListener, org.springframework.test.context.transaction.TransactionalTestExecutionListener, org.springframework.test.context.jdbc.SqlScriptsTestExecutionListener, org.springframework.test.context.event.EventPublishingTestExecutionListener]
12:30:34.968 [Test worker] DEBUG org.springframework.boot.test.context.SpringBootTestContextBootstrapper - Skipping candidate TestExecutionListener [org.springframework.test.context.transaction.TransactionalTestExecutionListener] due to a missing dependency. Specify custom listener classes or make the default listener classes and their required dependencies available. Offending class: [org/springframework/transaction/interceptor/TransactionAttributeSource]
12:30:34.968 [Test worker] DEBUG org.springframework.boot.test.context.SpringBootTestContextBootstrapper - Skipping candidate TestExecutionListener [org.springframework.test.context.jdbc.SqlScriptsTestExecutionListener] due to a missing dependency. Specify custom listener classes or make the default listener classes and their required dependencies available. Offending class: [org/springframework/transaction/interceptor/TransactionAttribute]
12:30:34.969 [Test worker] INFO org.springframework.boot.test.context.SpringBootTestContextBootstrapper - Using TestExecutionListeners: [org.springframework.test.context.web.ServletTestExecutionListener@28a0fd6c, org.springframework.test.context.support.DirtiesContextBeforeModesTestExecutionListener@2b62442c, org.springframework.test.context.event.ApplicationEventsTestExecutionListener@66629f63, org.springframework.boot.test.mock.mockito.MockitoTestExecutionListener@841e575, org.springframework.boot.test.autoconfigure.SpringBootDependencyInjectionTestExecutionListener@27a5328c, org.springframework.test.context.support.DirtiesContextTestExecutionListener@1e5f4170, org.springframework.test.context.event.EventPublishingTestExecutionListener@6c345c5f, org.springframework.boot.test.autoconfigure.restdocs.RestDocsTestExecutionListener@6b5966e1, org.springframework.boot.test.autoconfigure.web.client.MockRestServiceServerResetTestExecutionListener@65e61854, org.springframework.boot.test.autoconfigure.web.servlet.MockMvcPrintOnlyOnFailureTestExecutionListener@1568159, org.springframework.boot.test.autoconfigure.web.servlet.WebDriverTestExecutionListener@4fcee388, org.springframework.boot.test.autoconfigure.webservices.client.MockWebServiceServerTestExecutionListener@6f80fafe, org.springframework.boot.test.mock.mockito.ResetMocksTestExecutionListener@3af17be2]
12:30:34.973 [Test worker] DEBUG org.springframework.test.context.support.AbstractDirtiesContextTestExecutionListener - Before test class: context [DefaultTestContext@6a1d204a testClass = KltApplicationTests, testInstance = [null], testMethod = [null], testException = [null], mergedContextConfiguration = [WebMergedContextConfiguration@62dae245 testClass = KltApplicationTests, locations = '{}', classes = '{class de.c24.finacc.klt.KltApplication}', contextInitializerClasses = '[]', activeProfiles = '{}', propertySourceLocations = '{}', propertySourceProperties = '{org.springframework.boot.test.context.SpringBootTestContextBootstrapper=true}', contextCustomizers = set[org.springframework.boot.test.autoconfigure.actuate.metrics.MetricsExportContextCustomizerFactory$DisableMetricExportContextCustomizer@623e088f, org.springframework.boot.test.autoconfigure.properties.PropertyMappingContextCustomizer@0, org.springframework.boot.test.autoconfigure.web.servlet.WebDriverContextCustomizerFactory$Customizer@73a2e526, org.springframework.boot.test.context.filter.ExcludeFilterContextCustomizer@cd1d761, org.springframework.boot.test.json.DuplicateJsonObjectContextCustomizerFactory$DuplicateJsonObjectContextCustomizer@758705fa, org.springframework.boot.test.mock.mockito.MockitoContextCustomizer@0, org.springframework.boot.test.web.client.TestRestTemplateContextCustomizer@1b73be9f, org.springframework.boot.test.web.reactive.server.WebTestClientContextCustomizer@1477089c, org.springframework.boot.test.context.SpringBootTestArgs@1, org.springframework.boot.test.context.SpringBootTestWebEnvironment@1a18644], resourceBasePath = 'src/main/webapp', contextLoader = 'org.springframework.boot.test.context.SpringBootContextLoader', parent = [null]], attributes = map['org.springframework.test.context.web.ServletTestExecutionListener.activateListener' -> true]], class annotated with @DirtiesContext [false] with mode [null].

  .   ____          _            __ _ _
 /\\ / ___'_ __ _ _(_)_ __  __ _ \ \ \ \
( ( )\___ | '_ | '_| | '_ \/ _` | \ \ \ \
 \\/  ___)| |_)| | | | | || (_| |  ) ) ) )
  '  |____| .__|_| |_|_| |_\__, | / / / /
 =========|_|==============|___/=/_/_/_/
 :: Spring Boot ::                (v2.7.3)

2022-09-08 12:30:35.369  INFO 13344 --- [    Test worker] de.c24.finacc.klt.KltApplicationTests    : Starting KltApplicationTests using Java 17.0.4.1 on DESKTOP-A5PFBM0 with PID 13344 (started by Андрей in E:\andrey-beloborodov)
2022-09-08 12:30:35.370  INFO 13344 --- [    Test worker] de.c24.finacc.klt.KltApplicationTests    : No active profile set, falling back to 1 default profile: "default"
2022-09-08 12:30:37.384  INFO 13344 --- [    Test worker] o.s.b.a.w.s.WelcomePageHandlerMapping    : Adding welcome page template: index
2022-09-08 12:30:37.921  INFO 13344 --- [    Test worker] o.s.b.a.e.web.EndpointLinksResolver      : Exposing 1 endpoint(s) beneath base path '/actuator'
2022-09-08 12:30:37.978  INFO 13344 --- [    Test worker] de.c24.finacc.klt.KltApplicationTests    : Started KltApplicationTests in 2.963 seconds (JVM running for 4.372)
]]></system-out>
  <system-err><![CDATA[]]></system-err>
</testsuite>
