<?xml version="1.0" encoding="UTF-8"?>
<testsuite name="de.c24.finacc.klt.web.controller.IndexControllerTest" tests="1" skipped="0" failures="0" errors="0" timestamp="2022-09-08T08:30:40" hostname="DESKTOP-A5PFBM0" time="0.188">
  <properties/>
  <testcase name="index()" classname="de.c24.finacc.klt.web.controller.IndexControllerTest" time="0.188"/>
  <system-out><![CDATA[2022-09-08 12:30:39.832  INFO 13344 --- [    Test worker] .b.t.a.w.s.WebMvcTestContextBootstrapper : Neither @ContextConfiguration nor @ContextHierarchy found for test class [de.c24.finacc.klt.web.controller.IndexControllerTest], using SpringBootContextLoader
2022-09-08 12:30:39.833  INFO 13344 --- [    Test worker] o.s.t.c.support.AbstractContextLoader    : Could not detect default resource locations for test class [de.c24.finacc.klt.web.controller.IndexControllerTest]: no resource found for suffixes {-context.xml, Context.groovy}.
2022-09-08 12:30:39.833  INFO 13344 --- [    Test worker] t.c.s.AnnotationConfigContextLoaderUtils : Could not detect default configuration classes for test class [de.c24.finacc.klt.web.controller.IndexControllerTest]: IndexControllerTest does not declare any static, non-private, non-final, nested classes annotated with @Configuration.
2022-09-08 12:30:39.838  INFO 13344 --- [    Test worker] .b.t.c.SpringBootTestContextBootstrapper : Found @SpringBootConfiguration de.c24.finacc.klt.KltApplication for test class de.c24.finacc.klt.web.controller.IndexControllerTest
2022-09-08 12:30:39.839  INFO 13344 --- [    Test worker] .b.t.a.w.s.WebMvcTestContextBootstrapper : Loaded default TestExecutionListener class names from location [META-INF/spring.factories]: [org.springframework.boot.test.autoconfigure.restdocs.RestDocsTestExecutionListener, org.springframework.boot.test.autoconfigure.web.client.MockRestServiceServerResetTestExecutionListener, org.springframework.boot.test.autoconfigure.web.servlet.MockMvcPrintOnlyOnFailureTestExecutionListener, org.springframework.boot.test.autoconfigure.web.servlet.WebDriverTestExecutionListener, org.springframework.boot.test.autoconfigure.webservices.client.MockWebServiceServerTestExecutionListener, org.springframework.boot.test.mock.mockito.MockitoTestExecutionListener, org.springframework.boot.test.mock.mockito.ResetMocksTestExecutionListener, org.springframework.test.context.web.ServletTestExecutionListener, org.springframework.test.context.support.DirtiesContextBeforeModesTestExecutionListener, org.springframework.test.context.event.ApplicationEventsTestExecutionListener, org.springframework.test.context.support.DependencyInjectionTestExecutionListener, org.springframework.test.context.support.DirtiesContextTestExecutionListener, org.springframework.test.context.transaction.TransactionalTestExecutionListener, org.springframework.test.context.jdbc.SqlScriptsTestExecutionListener, org.springframework.test.context.event.EventPublishingTestExecutionListener]
2022-09-08 12:30:39.840  INFO 13344 --- [    Test worker] .b.t.a.w.s.WebMvcTestContextBootstrapper : Using TestExecutionListeners: [org.springframework.test.context.web.ServletTestExecutionListener@64887fbc, org.springframework.test.context.support.DirtiesContextBeforeModesTestExecutionListener@26b3fe8, org.springframework.test.context.event.ApplicationEventsTestExecutionListener@1f6d7e7c, org.springframework.boot.test.mock.mockito.MockitoTestExecutionListener@20518250, org.springframework.boot.test.autoconfigure.SpringBootDependencyInjectionTestExecutionListener@7836c79, org.springframework.test.context.support.DirtiesContextTestExecutionListener@5ccc971e, org.springframework.test.context.event.EventPublishingTestExecutionListener@28269c65, org.springframework.boot.test.autoconfigure.restdocs.RestDocsTestExecutionListener@4c9d833, org.springframework.boot.test.autoconfigure.web.client.MockRestServiceServerResetTestExecutionListener@18b58c77, org.springframework.boot.test.autoconfigure.web.servlet.MockMvcPrintOnlyOnFailureTestExecutionListener@20f99c18, org.springframework.boot.test.autoconfigure.web.servlet.WebDriverTestExecutionListener@3c20e9d6, org.springframework.boot.test.autoconfigure.webservices.client.MockWebServiceServerTestExecutionListener@76e2a621, org.springframework.boot.test.mock.mockito.ResetMocksTestExecutionListener@42805abe]

  .   ____          _            __ _ _
 /\\ / ___'_ __ _ _(_)_ __  __ _ \ \ \ \
( ( )\___ | '_ | '_| | '_ \/ _` | \ \ \ \
 \\/  ___)| |_)| | | | | || (_| |  ) ) ) )
  '  |____| .__|_| |_|_| |_\__, | / / / /
 =========|_|==============|___/=/_/_/_/
 :: Spring Boot ::                (v2.7.3)

2022-09-08 12:30:39.893  INFO 13344 --- [    Test worker] d.c.f.k.w.c.IndexControllerTest          : Starting IndexControllerTest using Java 17.0.4.1 on DESKTOP-A5PFBM0 with PID 13344 (started by Андрей in E:\andrey-beloborodov)
2022-09-08 12:30:39.893  INFO 13344 --- [    Test worker] d.c.f.k.w.c.IndexControllerTest          : No active profile set, falling back to 1 default profile: "default"
2022-09-08 12:30:40.180  INFO 13344 --- [    Test worker] o.s.b.a.w.s.WelcomePageHandlerMapping    : Adding welcome page template: index
2022-09-08 12:30:40.311  INFO 13344 --- [    Test worker] o.s.b.t.m.w.SpringBootMockServletContext : Initializing Spring TestDispatcherServlet ''
2022-09-08 12:30:40.311  INFO 13344 --- [    Test worker] o.s.t.web.servlet.TestDispatcherServlet  : Initializing Servlet ''
2022-09-08 12:30:40.311  INFO 13344 --- [    Test worker] o.s.t.web.servlet.TestDispatcherServlet  : Completed initialization in 0 ms
2022-09-08 12:30:40.324  INFO 13344 --- [    Test worker] d.c.f.k.w.c.IndexControllerTest          : Started IndexControllerTest in 0.483 seconds (JVM running for 6.719)
]]></system-out>
  <system-err><![CDATA[]]></system-err>
</testsuite>
