<?xml version="1.0" encoding="UTF-8"?>
<testsuite name="de.c24.finacc.klt.web.controller.ConvertControllerTest" tests="1" skipped="0" failures="0" errors="0" timestamp="2022-09-08T08:30:39" hostname="DESKTOP-A5PFBM0" time="0.082">
  <properties/>
  <testcase name="convert()" classname="de.c24.finacc.klt.web.controller.ConvertControllerTest" time="0.082"/>
  <system-out><![CDATA[2022-09-08 12:30:39.222  INFO 13344 --- [    Test worker] .b.t.a.w.s.WebMvcTestContextBootstrapper : Neither @ContextConfiguration nor @ContextHierarchy found for test class [de.c24.finacc.klt.web.controller.ConvertControllerTest], using SpringBootContextLoader
2022-09-08 12:30:39.223  INFO 13344 --- [    Test worker] o.s.t.c.support.AbstractContextLoader    : Could not detect default resource locations for test class [de.c24.finacc.klt.web.controller.ConvertControllerTest]: no resource found for suffixes {-context.xml, Context.groovy}.
2022-09-08 12:30:39.224  INFO 13344 --- [    Test worker] t.c.s.AnnotationConfigContextLoaderUtils : Could not detect default configuration classes for test class [de.c24.finacc.klt.web.controller.ConvertControllerTest]: ConvertControllerTest does not declare any static, non-private, non-final, nested classes annotated with @Configuration.
2022-09-08 12:30:39.240  INFO 13344 --- [    Test worker] .b.t.c.SpringBootTestContextBootstrapper : Found @SpringBootConfiguration de.c24.finacc.klt.KltApplication for test class de.c24.finacc.klt.web.controller.ConvertControllerTest
2022-09-08 12:30:39.241  INFO 13344 --- [    Test worker] .b.t.a.w.s.WebMvcTestContextBootstrapper : Loaded default TestExecutionListener class names from location [META-INF/spring.factories]: [org.springframework.boot.test.autoconfigure.restdocs.RestDocsTestExecutionListener, org.springframework.boot.test.autoconfigure.web.client.MockRestServiceServerResetTestExecutionListener, org.springframework.boot.test.autoconfigure.web.servlet.MockMvcPrintOnlyOnFailureTestExecutionListener, org.springframework.boot.test.autoconfigure.web.servlet.WebDriverTestExecutionListener, org.springframework.boot.test.autoconfigure.webservices.client.MockWebServiceServerTestExecutionListener, org.springframework.boot.test.mock.mockito.MockitoTestExecutionListener, org.springframework.boot.test.mock.mockito.ResetMocksTestExecutionListener, org.springframework.test.context.web.ServletTestExecutionListener, org.springframework.test.context.support.DirtiesContextBeforeModesTestExecutionListener, org.springframework.test.context.event.ApplicationEventsTestExecutionListener, org.springframework.test.context.support.DependencyInjectionTestExecutionListener, org.springframework.test.context.support.DirtiesContextTestExecutionListener, org.springframework.test.context.transaction.TransactionalTestExecutionListener, org.springframework.test.context.jdbc.SqlScriptsTestExecutionListener, org.springframework.test.context.event.EventPublishingTestExecutionListener]
2022-09-08 12:30:39.242  INFO 13344 --- [    Test worker] .b.t.a.w.s.WebMvcTestContextBootstrapper : Using TestExecutionListeners: [org.springframework.test.context.web.ServletTestExecutionListener@2052f095, org.springframework.test.context.support.DirtiesContextBeforeModesTestExecutionListener@76d1f6ea, org.springframework.test.context.event.ApplicationEventsTestExecutionListener@55fe9c2f, org.springframework.boot.test.mock.mockito.MockitoTestExecutionListener@3580134d, org.springframework.boot.test.autoconfigure.SpringBootDependencyInjectionTestExecutionListener@2e19b30, org.springframework.test.context.support.DirtiesContextTestExecutionListener@7b7e4b20, org.springframework.test.context.event.EventPublishingTestExecutionListener@5ac0bf84, org.springframework.boot.test.autoconfigure.restdocs.RestDocsTestExecutionListener@6fefc5ea, org.springframework.boot.test.autoconfigure.web.client.MockRestServiceServerResetTestExecutionListener@6159fb3c, org.springframework.boot.test.autoconfigure.web.servlet.MockMvcPrintOnlyOnFailureTestExecutionListener@68f79b7c, org.springframework.boot.test.autoconfigure.web.servlet.WebDriverTestExecutionListener@37142579, org.springframework.boot.test.autoconfigure.webservices.client.MockWebServiceServerTestExecutionListener@264576e4, org.springframework.boot.test.mock.mockito.ResetMocksTestExecutionListener@86bf90b]

  .   ____          _            __ _ _
 /\\ / ___'_ __ _ _(_)_ __  __ _ \ \ \ \
( ( )\___ | '_ | '_| | '_ \/ _` | \ \ \ \
 \\/  ___)| |_)| | | | | || (_| |  ) ) ) )
  '  |____| .__|_| |_|_| |_\__, | / / / /
 =========|_|==============|___/=/_/_/_/
 :: Spring Boot ::                (v2.7.3)

2022-09-08 12:30:39.266  INFO 13344 --- [    Test worker] d.c.f.k.w.c.ConvertControllerTest        : Starting ConvertControllerTest using Java 17.0.4.1 on DESKTOP-A5PFBM0 with PID 13344 (started by Андрей in E:\andrey-beloborodov)
2022-09-08 12:30:39.267  INFO 13344 --- [    Test worker] d.c.f.k.w.c.ConvertControllerTest        : No active profile set, falling back to 1 default profile: "default"
2022-09-08 12:30:39.598  INFO 13344 --- [    Test worker] o.s.b.a.w.s.WelcomePageHandlerMapping    : Adding welcome page template: index
2022-09-08 12:30:39.727  INFO 13344 --- [    Test worker] o.s.b.t.m.w.SpringBootMockServletContext : Initializing Spring TestDispatcherServlet ''
2022-09-08 12:30:39.727  INFO 13344 --- [    Test worker] o.s.t.web.servlet.TestDispatcherServlet  : Initializing Servlet ''
2022-09-08 12:30:39.728  INFO 13344 --- [    Test worker] o.s.t.web.servlet.TestDispatcherServlet  : Completed initialization in 1 ms
2022-09-08 12:30:39.742  INFO 13344 --- [    Test worker] d.c.f.k.w.c.ConvertControllerTest        : Started ConvertControllerTest in 0.497 seconds (JVM running for 6.136)
]]></system-out>
  <system-err><![CDATA[]]></system-err>
</testsuite>
