<?xml version="1.0" encoding="UTF-8"?>
<testsuite name="de.c24.finacc.klt.rest.RestServiceTest" tests="2" skipped="0" failures="0" errors="0" timestamp="2022-09-08T08:30:39" hostname="DESKTOP-A5PFBM0" time="0.094">
  <properties/>
  <testcase name="testRates()" classname="de.c24.finacc.klt.rest.RestServiceTest" time="0.073"/>
  <testcase name="test1()" classname="de.c24.finacc.klt.rest.RestServiceTest" time="0.02"/>
  <system-out><![CDATA[2022-09-08 12:30:38.553  INFO 13344 --- [    Test worker] .b.t.a.w.s.WebMvcTestContextBootstrapper : Neither @ContextConfiguration nor @ContextHierarchy found for test class [de.c24.finacc.klt.rest.RestServiceTest], using SpringBootContextLoader
2022-09-08 12:30:38.554  INFO 13344 --- [    Test worker] o.s.t.c.support.AbstractContextLoader    : Could not detect default resource locations for test class [de.c24.finacc.klt.rest.RestServiceTest]: no resource found for suffixes {-context.xml, Context.groovy}.
2022-09-08 12:30:38.555  INFO 13344 --- [    Test worker] t.c.s.AnnotationConfigContextLoaderUtils : Could not detect default configuration classes for test class [de.c24.finacc.klt.rest.RestServiceTest]: RestServiceTest does not declare any static, non-private, non-final, nested classes annotated with @Configuration.
2022-09-08 12:30:38.576  INFO 13344 --- [    Test worker] .b.t.c.SpringBootTestContextBootstrapper : Found @SpringBootConfiguration de.c24.finacc.klt.KltApplication for test class de.c24.finacc.klt.rest.RestServiceTest
2022-09-08 12:30:38.577  INFO 13344 --- [    Test worker] .b.t.a.w.s.WebMvcTestContextBootstrapper : Loaded default TestExecutionListener class names from location [META-INF/spring.factories]: [org.springframework.boot.test.autoconfigure.restdocs.RestDocsTestExecutionListener, org.springframework.boot.test.autoconfigure.web.client.MockRestServiceServerResetTestExecutionListener, org.springframework.boot.test.autoconfigure.web.servlet.MockMvcPrintOnlyOnFailureTestExecutionListener, org.springframework.boot.test.autoconfigure.web.servlet.WebDriverTestExecutionListener, org.springframework.boot.test.autoconfigure.webservices.client.MockWebServiceServerTestExecutionListener, org.springframework.boot.test.mock.mockito.MockitoTestExecutionListener, org.springframework.boot.test.mock.mockito.ResetMocksTestExecutionListener, org.springframework.test.context.web.ServletTestExecutionListener, org.springframework.test.context.support.DirtiesContextBeforeModesTestExecutionListener, org.springframework.test.context.event.ApplicationEventsTestExecutionListener, org.springframework.test.context.support.DependencyInjectionTestExecutionListener, org.springframework.test.context.support.DirtiesContextTestExecutionListener, org.springframework.test.context.transaction.TransactionalTestExecutionListener, org.springframework.test.context.jdbc.SqlScriptsTestExecutionListener, org.springframework.test.context.event.EventPublishingTestExecutionListener]
2022-09-08 12:30:38.579  INFO 13344 --- [    Test worker] .b.t.a.w.s.WebMvcTestContextBootstrapper : Using TestExecutionListeners: [org.springframework.test.context.web.ServletTestExecutionListener@185339ed, org.springframework.test.context.support.DirtiesContextBeforeModesTestExecutionListener@2e4d4d22, org.springframework.test.context.event.ApplicationEventsTestExecutionListener@4470106b, org.springframework.boot.test.mock.mockito.MockitoTestExecutionListener@690ed13a, org.springframework.boot.test.autoconfigure.SpringBootDependencyInjectionTestExecutionListener@681311a7, org.springframework.test.context.support.DirtiesContextTestExecutionListener@2c7375da, org.springframework.test.context.event.EventPublishingTestExecutionListener@68c4db77, org.springframework.boot.test.autoconfigure.restdocs.RestDocsTestExecutionListener@775c4054, org.springframework.boot.test.autoconfigure.web.client.MockRestServiceServerResetTestExecutionListener@7b2e931, org.springframework.boot.test.autoconfigure.web.servlet.MockMvcPrintOnlyOnFailureTestExecutionListener@305881b8, org.springframework.boot.test.autoconfigure.web.servlet.WebDriverTestExecutionListener@7e89eba7, org.springframework.boot.test.autoconfigure.webservices.client.MockWebServiceServerTestExecutionListener@6bc25ac2, org.springframework.boot.test.mock.mockito.ResetMocksTestExecutionListener@7b29cdea]

  .   ____          _            __ _ _
 /\\ / ___'_ __ _ _(_)_ __  __ _ \ \ \ \
( ( )\___ | '_ | '_| | '_ \/ _` | \ \ \ \
 \\/  ___)| |_)| | | | | || (_| |  ) ) ) )
  '  |____| .__|_| |_|_| |_\__, | / / / /
 =========|_|==============|___/=/_/_/_/
 :: Spring Boot ::                (v2.7.3)

2022-09-08 12:30:38.608  INFO 13344 --- [    Test worker] de.c24.finacc.klt.rest.RestServiceTest   : Starting RestServiceTest using Java 17.0.4.1 on DESKTOP-A5PFBM0 with PID 13344 (started by Андрей in E:\andrey-beloborodov)
2022-09-08 12:30:38.609  INFO 13344 --- [    Test worker] de.c24.finacc.klt.rest.RestServiceTest   : No active profile set, falling back to 1 default profile: "default"
2022-09-08 12:30:38.877  INFO 13344 --- [    Test worker] o.s.b.a.w.s.WelcomePageHandlerMapping    : Adding welcome page template: index
2022-09-08 12:30:39.017  INFO 13344 --- [    Test worker] o.s.b.t.m.w.SpringBootMockServletContext : Initializing Spring TestDispatcherServlet ''
2022-09-08 12:30:39.018  INFO 13344 --- [    Test worker] o.s.t.web.servlet.TestDispatcherServlet  : Initializing Servlet ''
2022-09-08 12:30:39.019  INFO 13344 --- [    Test worker] o.s.t.web.servlet.TestDispatcherServlet  : Completed initialization in 1 ms
2022-09-08 12:30:39.114  INFO 13344 --- [    Test worker] de.c24.finacc.klt.rest.RestServiceTest   : Started RestServiceTest in 0.533 seconds (JVM running for 5.509)
]]></system-out>
  <system-err><![CDATA[]]></system-err>
</testsuite>
